#
# There is insufficient memory for the Java Runtime Environment to continue.
# Native memory allocation (mmap) failed to map 132120576 bytes for G1 virtual space
# Possible reasons:
#   The system is out of physical RAM or swap space
#   The process is running with CompressedOops enabled, and the Java Heap may be blocking the growth of the native heap
# Possible solutions:
#   Reduce memory load on the system
#   Increase physical memory or swap space
#   Check if swap backing store is full
#   Decrease Java heap size (-Xmx/-Xms)
#   Decrease number of Java threads
#   Decrease Java thread stack sizes (-Xss)
#   Set larger code cache with -XX:ReservedCodeCacheSize=
#   JVM is running with Unscaled Compressed Oops mode in which the Java heap is
#     placed in the first 4GB address space. The Java Heap base address is the
#     maximum limit for the native heap growth. Please use -XX:HeapBaseMinAddress
#     to set the Java Heap base and to place the Java Heap above 4GB virtual address.
# This output file may be truncated or incomplete.
#
#  Out of Memory Error (os_windows.cpp:3466), pid=14064, tid=12612
#
# JRE version:  (16.0.2+7) (build )
# Java VM: Java HotSpot(TM) 64-Bit Server VM (16.0.2+7-67, mixed mode, sharing, tiered, compressed oops, compressed class ptrs, g1 gc, windows-amd64)
# No core dump will be written. Minidumps are not enabled by default on client versions of Windows
#

---------------  S U M M A R Y ------------

Command Line: -Dcom.sun.management.jmxremote -Dcom.sun.management.jmxremote.port=58671 -Dcom.sun.management.jmxremote.authenticate=false -Dcom.sun.management.jmxremote.ssl=false -Djava.rmi.server.hostname=localhost -Dspring.jmx.enabled=true -Dspring.application.admin.enabled=true -XX:TieredStopAtLevel=1 -Dspring.boot.project.name=cicdProj -Dfile.encoding=UTF-8 -XX:+ShowCodeDetailsInExceptionMessages com.Employee.SpringDbApplication

Host: Intel(R) Core(TM) i5-8250U CPU @ 1.60GHz, 8 cores, 7G,  Windows 10 , 64 bit Build 22000 (10.0.22000.434)
Time: Sat Mar 19 16:07:12 2022 India Standard Time elapsed time: 0.078164 seconds (0d 0h 0m 0s)

---------------  T H R E A D  ---------------

Current thread (0x0000026831f377b0):  JavaThread "Unknown thread" [_thread_in_vm, id=12612, stack(0x000000ee51300000,0x000000ee51400000)]

Stack: [0x000000ee51300000,0x000000ee51400000]
Native frames: (J=compiled Java code, j=interpreted, Vv=VM code, C=native code)
V  [jvm.dll+0x6681ca]
V  [jvm.dll+0x7c9e69]
V  [jvm.dll+0x7cb61e]
V  [jvm.dll+0x7cbc73]
V  [jvm.dll+0x242c55]
V  [jvm.dll+0x664f89]
V  [jvm.dll+0x659b75]
V  [jvm.dll+0x2fbfbb]
V  [jvm.dll+0x3031b6]
V  [jvm.dll+0x35299e]
V  [jvm.dll+0x352bcf]
V  [jvm.dll+0x2d3028]
V  [jvm.dll+0x2d4264]
V  [jvm.dll+0x79c741]
V  [jvm.dll+0x360791]
V  [jvm.dll+0x77a3f0]
V  [jvm.dll+0x3e4e8f]
V  [jvm.dll+0x3e6961]
C  [jli.dll+0x52fb]
C  [ucrtbase.dll+0x26c0c]
C  [KERNEL32.DLL+0x154e0]
C  [ntdll.dll+0x485b]


---------------  P R O C E S S  ---------------

Threads class SMR info:
_java_thread_list=0x00007ffb32fecbb8, length=0, elements={
}

Java Threads: ( => current thread )

Other Threads:
  0x0000026831f75f30 GCTaskThread "GC Thread#0" [stack: 0x000000ee51400000,0x000000ee51500000] [id=19468]
  0x0000026831f86c70 ConcurrentGCThread "G1 Main Marker" [stack: 0x000000ee51500000,0x000000ee51600000] [id=12916]
  0x0000026831f87f00 ConcurrentGCThread "G1 Conc#0" [stack: 0x000000ee51600000,0x000000ee51700000] [id=20212]

[error occurred during error reporting (printing all threads), id 0xc0000005, EXCEPTION_ACCESS_VIOLATION (0xc0000005) at pc=0x00007ffb327c3ee7]

VM state: not at safepoint (not fully initialized)

VM Mutex/Monitor currently owned by a thread:  ([mutex/lock_event])
[0x0000026831f32eb0] Heap_lock - owner thread: 0x0000026831f377b0

Heap address: 0x0000000082000000, size: 2016 MB, Compressed Oops mode: 32-bit

CDS archive(s) mapped at: [0x0000000000000000-0x0000000000000000-0x0000000000000000), size 0, SharedBaseAddress: 0x0000000800000000, ArchiveRelocationMode: 0.
Narrow klass base: 0x0000000000000000, Narrow klass shift: 0, Narrow klass range: 0x0

GC Precious Log:
<Empty>

Heap:
 garbage-first heap   total 0K, used 0K [0x0000000082000000, 0x0000000100000000)
  region size 1024K, 0 young (0K), 0 survivors (0K)

[error occurred during error reporting (printing heap information), id 0xc0000005, EXCEPTION_ACCESS_VIOLATION (0xc0000005) at pc=0x00007ffb32ba1eed]

GC Heap History (0 events):
No events

Deoptimization events (0 events):
No events

Classes unloaded (0 events):
No events

Classes redefined (0 events):
No events

Internal exceptions (0 events):
No events

Events (1 events):
Event: 0.041 Loaded shared library C:\Java\jdk-16.0.2\bin\java.dll


Dynamic libraries:
0x00007ff7d9c40000 - 0x00007ff7d9c50000 	C:\Java\jdk-16.0.2\bin\javaw.exe
0x00007ffbd3d60000 - 0x00007ffbd3f69000 	C:\WINDOWS\SYSTEM32\ntdll.dll
0x00007ffbd21d0000 - 0x00007ffbd228d000 	C:\WINDOWS\System32\KERNEL32.DLL
0x00007ffbd1250000 - 0x00007ffbd15c4000 	C:\WINDOWS\System32\KERNELBASE.dll
0x00007ffbd1980000 - 0x00007ffbd1a91000 	C:\WINDOWS\System32\ucrtbase.dll
0x00007ffbc0c00000 - 0x00007ffbc0c18000 	C:\Java\jdk-16.0.2\bin\jli.dll
0x00007ffbbeca0000 - 0x00007ffbbecb9000 	C:\Java\jdk-16.0.2\bin\VCRUNTIME140.dll
0x00007ffbd1d20000 - 0x00007ffbd1dce000 	C:\WINDOWS\System32\ADVAPI32.dll
0x00007ffbd2120000 - 0x00007ffbd21c3000 	C:\WINDOWS\System32\msvcrt.dll
0x00007ffbd3b70000 - 0x00007ffbd3c0e000 	C:\WINDOWS\System32\sechost.dll
0x00007ffbd1fa0000 - 0x00007ffbd20c0000 	C:\WINDOWS\System32\RPCRT4.dll
0x00007ffbd3640000 - 0x00007ffbd37ec000 	C:\WINDOWS\System32\USER32.dll
0x00007ffbc4850000 - 0x00007ffbc4af5000 	C:\WINDOWS\WinSxS\amd64_microsoft.windows.common-controls_6595b64144ccf1df_6.0.22000.120_none_9d947278b86cc467\COMCTL32.dll
0x00007ffbd1aa0000 - 0x00007ffbd1ac6000 	C:\WINDOWS\System32\win32u.dll
0x00007ffbd3260000 - 0x00007ffbd3289000 	C:\WINDOWS\System32\GDI32.dll
0x00007ffbd1650000 - 0x00007ffbd1762000 	C:\WINDOWS\System32\gdi32full.dll
0x00007ffbd18e0000 - 0x00007ffbd197d000 	C:\WINDOWS\System32\msvcp_win.dll
0x00007ffbc93d0000 - 0x00007ffbc93da000 	C:\WINDOWS\SYSTEM32\VERSION.dll
0x00007ffbd3cc0000 - 0x00007ffbd3cf1000 	C:\WINDOWS\System32\IMM32.DLL
0x00007ffbcdbc0000 - 0x00007ffbcdbcc000 	C:\Java\jdk-16.0.2\bin\vcruntime140_1.dll
0x00007ffbae270000 - 0x00007ffbae301000 	C:\Java\jdk-16.0.2\bin\msvcp140.dll
0x00007ffb324e0000 - 0x00007ffb3308b000 	C:\Java\jdk-16.0.2\bin\server\jvm.dll
0x00007ffbd1f90000 - 0x00007ffbd1f98000 	C:\WINDOWS\System32\PSAPI.DLL
0x00007ffbc35d0000 - 0x00007ffbc35d9000 	C:\WINDOWS\SYSTEM32\WSOCK32.dll
0x00007ffbcb990000 - 0x00007ffbcb9c3000 	C:\WINDOWS\SYSTEM32\WINMM.dll
0x00007ffbd2be0000 - 0x00007ffbd2c4f000 	C:\WINDOWS\System32\WS2_32.dll
0x00007ffbd0310000 - 0x00007ffbd0328000 	C:\WINDOWS\SYSTEM32\kernel.appcore.dll
0x00007ffbcdb40000 - 0x00007ffbcdb4a000 	C:\Java\jdk-16.0.2\bin\jimage.dll
0x00007ffbceee0000 - 0x00007ffbcf101000 	C:\WINDOWS\SYSTEM32\DBGHELP.DLL
0x00007ffbb7af0000 - 0x00007ffbb7b21000 	C:\WINDOWS\SYSTEM32\dbgcore.DLL
0x00007ffbd15d0000 - 0x00007ffbd164f000 	C:\WINDOWS\System32\bcryptPrimitives.dll
0x00007ffbbec70000 - 0x00007ffbbec95000 	C:\Java\jdk-16.0.2\bin\java.dll

dbghelp: loaded successfully - version: 4.0.5 - missing functions: none
symbol engine: initialized successfully - sym options: 0x614 - pdb path: .;C:\Java\jdk-16.0.2\bin;C:\WINDOWS\SYSTEM32;C:\WINDOWS\WinSxS\amd64_microsoft.windows.common-controls_6595b64144ccf1df_6.0.22000.120_none_9d947278b86cc467;C:\Java\jdk-16.0.2\bin\server

VM Arguments:
jvm_args: -Dcom.sun.management.jmxremote -Dcom.sun.management.jmxremote.port=58671 -Dcom.sun.management.jmxremote.authenticate=false -Dcom.sun.management.jmxremote.ssl=false -Djava.rmi.server.hostname=localhost -Dspring.jmx.enabled=true -Dspring.application.admin.enabled=true -XX:TieredStopAtLevel=1 -Dspring.boot.project.name=cicdProj -Dfile.encoding=UTF-8 -XX:+ShowCodeDetailsInExceptionMessages 
java_command: com.Employee.SpringDbApplication
java_class_path (initial): C:\Users\balan\Desktop\course6-cicdproj\sourceCode\cicdPrototype\cicdProj\target\classes;C:\Users\balan\.m2\repository\org\springframework\boot\spring-boot-starter-data-jpa\2.6.0\spring-boot-starter-data-jpa-2.6.0.jar;C:\Users\balan\.m2\repository\org\springframework\boot\spring-boot-starter-aop\2.6.0\spring-boot-starter-aop-2.6.0.jar;C:\Users\balan\.m2\repository\org\springframework\spring-aop\5.3.13\spring-aop-5.3.13.jar;C:\Users\balan\.m2\repository\org\aspectj\aspectjweaver\1.9.7\aspectjweaver-1.9.7.jar;C:\Users\balan\.m2\repository\org\springframework\boot\spring-boot-starter-jdbc\2.6.0\spring-boot-starter-jdbc-2.6.0.jar;C:\Users\balan\.m2\repository\com\zaxxer\HikariCP\4.0.3\HikariCP-4.0.3.jar;C:\Users\balan\.m2\repository\org\springframework\spring-jdbc\5.3.13\spring-jdbc-5.3.13.jar;C:\Users\balan\.m2\repository\jakarta\transaction\jakarta.transaction-api\1.3.3\jakarta.transaction-api-1.3.3.jar;C:\Users\balan\.m2\repository\jakarta\persistence\jakarta.persistence-api\2.2.3\jakarta.persistence-api-2.2.3.jar;C:\Users\balan\.m2\repository\org\hibernate\hibernate-core\5.6.1.Final\hibernate-core-5.6.1.Final.jar;C:\Users\balan\.m2\repository\org\jboss\logging\jboss-logging\3.4.2.Final\jboss-logging-3.4.2.Final.jar;C:\Users\balan\.m2\repository\net\bytebuddy\byte-buddy\1.11.22\byte-buddy-1.11.22.jar;C:\Users\balan\.m2\repository\antlr\antlr\2.7.7\antlr-2.7.7.jar;C:\Users\balan\.m2\repository\org\jboss\jandex\2.2.3.Final\jandex-2.2.3.Final.jar;C:\Users\balan\.m2\repository\com\fasterxml\classmate\1.5.1\classmate-1.5.1.jar;C:\Users\balan\.m2\repository\org\hibernate\common\hibernate-commons-annotations\5.1.2.Final\hibernate-commons-annotations-5.1.2.Final.jar;C:\Users\balan\.m2\repository\org\glassfish\jaxb\jaxb-runtime\2.3.5\jaxb-runtime-2.3.5.jar;C:\Users\balan\.m2\repository\org\glassfish\jaxb\txw2\2.3.5\txw2-2.3.5.jar;C:\Users\balan\.m2\repository\com\sun\istack\istack-commons-runtime\3.0.12\istack-commons-runtime-3.0.12.jar;C:\Users\b
Launcher Type: SUN_STANDARD

[Global flags]
     intx CICompilerCount                          = 4                                         {product} {ergonomic}
     uint ConcGCThreads                            = 2                                         {product} {ergonomic}
     uint G1ConcRefinementThreads                  = 8                                         {product} {ergonomic}
   size_t G1HeapRegionSize                         = 1048576                                   {product} {ergonomic}
    uintx GCDrainStackTargetSize                   = 64                                        {product} {ergonomic}
   size_t InitialHeapSize                          = 132120576                                 {product} {ergonomic}
     bool ManagementServer                         = true                                      {product} {command line}
   size_t MarkStackSize                            = 4194304                                   {product} {ergonomic}
   size_t MaxHeapSize                              = 2113929216                                {product} {ergonomic}
   size_t MinHeapDeltaBytes                        = 1048576                                   {product} {ergonomic}
   size_t MinHeapSize                              = 8388608                                   {product} {ergonomic}
    uintx NonNMethodCodeHeapSize                   = 7549744                                {pd product} {ergonomic}
    uintx NonProfiledCodeHeapSize                  = 244108496                              {pd product} {ergonomic}
    uintx ProfiledCodeHeapSize                     = 0                                      {pd product} {ergonomic}
    uintx ReservedCodeCacheSize                    = 251658240                              {pd product} {ergonomic}
     bool SegmentedCodeCache                       = true                                      {product} {ergonomic}
     bool ShowCodeDetailsInExceptionMessages       = true                                   {manageable} {command line}
   size_t SoftMaxHeapSize                          = 2113929216                             {manageable} {ergonomic}
     intx TieredStopAtLevel                        = 1                                         {product} {command line}
     bool UseCompressedClassPointers               = true                           {product lp64_product} {ergonomic}
     bool UseCompressedOops                        = true                           {product lp64_product} {ergonomic}
     bool UseG1GC                                  = true                                      {product} {ergonomic}
     bool UseLargePagesIndividualAllocation        = false                                  {pd product} {ergonomic}

Logging:
Log output configuration:
 #0: stdout all=warning uptime,level,tags
 #1: stderr all=off uptime,level,tags

Environment Variables:
JAVA_HOME=C:\Java\jdk-16.0.2\
PATH=C:\WINDOWS\system32;C:\WINDOWS;C:\WINDOWS\System32\Wbem;C:\WINDOWS\System32\WindowsPowerShell\v1.0\;C:\WINDOWS\System32\OpenSSH\;C:\Program Files (x86)\Intel\Intel(R) Management Engine Components\DAL;C:\Program Files\Intel\Intel(R) Management Engine Components\DAL;C:\Program Files\Git\cmd;C:\Java\jdk-16.0.2\bin;C:\Program Files\MySQL\MySQL Server 8.0\bin;;C:\Program Files\Docker\Docker\resources\bin;C:\ProgramData\DockerDesktop\version-bin;C:\Program Files\MySQL\MySQL Shell 8.0\bin\;C:\Users\balan\AppData\Local\Microsoft\WindowsApps;C:\Users\balan\AppData\Local\GitHubDesktop\bin;C:\Java\jdk-16.0.2\bin;C:\Program Files\MySQL\MySQL Server 8.0\bin;
USERNAME=Balanarenthiran
OS=Windows_NT
PROCESSOR_IDENTIFIER=Intel64 Family 6 Model 142 Stepping 10, GenuineIntel



---------------  S Y S T E M  ---------------

OS:
 Windows 10 , 64 bit Build 22000 (10.0.22000.434)
OS uptime: 6 days 8:33 hours
Hyper-V role detected

CPU: total 8 (initial active 8) (4 cores per cpu, 2 threads per core) family 6 model 142 stepping 10 microcode 0xe0, cx8, cmov, fxsr, ht, mmx, 3dnowpref, sse, sse2, sse3, ssse3, sse4.1, sse4.2, popcnt, lzcnt, tsc, tscinvbit, avx, avx2, aes, erms, clmul, bmi1, bmi2, adx, fma, vzeroupper, clflush, clflushopt, hv

Memory: 4k page, system-wide physical 8056M (429M free)
TotalPageFile size 13056M (AvailPageFile size 38M)
current process WorkingSet (physical memory assigned to process): 10M, peak: 10M
current process commit charge ("private bytes"): 57M, peak: 183M

vm_info: Java HotSpot(TM) 64-Bit Server VM (16.0.2+7-67) for windows-amd64 JRE (16.0.2+7-67), built on Jun  8 2021 23:24:19 by "mach5one" with MS VC++ 16.7 (VS2019)

END.
